<?xml version="1.0" encoding="UTF-8"?>
<testsuite xmlns:xsi="http://www.w3.org/2001/XMLSchema-instance" xsi:schemaLocation="https://maven.apache.org/surefire/maven-surefire-plugin/xsd/surefire-test-report.xsd" name="TestSuite" time="54.158" tests="3" errors="0" skipped="2" failures="1">
  <properties>
    <property name="java.runtime.name" value="Java(TM) SE Runtime Environment"/>
    <property name="sun.boot.library.path" value="C:\Program Files\Java\jdk1.8.0_65\jre\bin"/>
    <property name="java.vm.version" value="25.65-b01"/>
    <property name="java.vm.vendor" value="Oracle Corporation"/>
    <property name="maven.multiModuleProjectDirectory" value="C:\jenkins\workspace\Maven_Demo"/>
    <property name="java.vendor.url" value="http://java.oracle.com/"/>
    <property name="path.separator" value=";"/>
    <property name="guice.disable.misplaced.annotation.check" value="true"/>
    <property name="java.vm.name" value="Java HotSpot(TM) 64-Bit Server VM"/>
    <property name="file.encoding.pkg" value="sun.io"/>
    <property name="user.script" value=""/>
    <property name="user.country" value="US"/>
    <property name="sun.java.launcher" value="SUN_STANDARD"/>
    <property name="sun.os.patch.level" value="Service Pack 1"/>
    <property name="java.vm.specification.name" value="Java Virtual Machine Specification"/>
    <property name="user.dir" value="C:\jenkins\workspace\Maven_Demo"/>
    <property name="java.runtime.version" value="1.8.0_65-b17"/>
    <property name="java.awt.graphicsenv" value="sun.awt.Win32GraphicsEnvironment"/>
    <property name="java.endorsed.dirs" value="C:\Program Files\Java\jdk1.8.0_65\jre\lib\endorsed"/>
    <property name="os.arch" value="amd64"/>
    <property name="java.io.tmpdir" value="C:\Users\vgupta\AppData\Local\Temp\"/>
    <property name="line.separator" value="&#10;"/>
    <property name="java.vm.specification.vendor" value="Oracle Corporation"/>
    <property name="user.variant" value=""/>
    <property name="os.name" value="Windows 7"/>
    <property name="classworlds.conf" value="C:\apache-maven-3.3.9\bin\m2.conf"/>
    <property name="sun.jnu.encoding" value="Cp1252"/>
    <property name="java.library.path" value="C:\Program Files\Java\jdk1.8.0_65\bin;C:\Windows\Sun\Java\bin;C:\Windows\system32;C:\Windows;C:\apache-maven-3.3.9/bin;C:\Program Files\Java\jdk1.8.0_65/bin;C:\Program Files\Java\jdk1.8.0_65/bin;C:\app\oracle\product\12.1.0\dbhome_2\bin;C:\app\oracle\product\12.1.0\dbhome_1\bin;C:\ProgramData\Oracle\Java\javapath;C:\Program Files (x86)\Intel\iCLS Client\;C:\Program Files\Intel\iCLS Client\;C:\Windows\system32;C:\Windows;C:\Windows\System32\Wbem;C:\Windows\System32\WindowsPowerShell\v1.0\;C:\Program Files\Intel\Intel(R) Management Engine Components\DAL;C:\Program Files (x86)\Intel\Intel(R) Management Engine Components\DAL;C:\Program Files\Intel\Intel(R) Management Engine Components\IPT;C:\Program Files (x86)\Intel\Intel(R) Management Engine Components\IPT;C:\Program Files (x86)\Skype\Phone\;C:\Program Files\Perforce;C:\Program Files\Java\jdk1.8.0_65\bin;C:\Program Files\Microsoft SQL Server\120\Tools\Binn\;C:\Program Files\Microsoft SQL Server\130\Tools\Binn\;C:\apache-jmeter-3.0\bin;C:\Python27;C:\apache-maven-3.3.9\bin;C:\Program Files\apache-ant-1.9.7\bin;C:\depot\qa_automation\selenium\main\libs\libs;;."/>
    <property name="java.specification.name" value="Java Platform API Specification"/>
    <property name="java.class.version" value="52.0"/>
    <property name="sun.management.compiler" value="HotSpot 64-Bit Tiered Compilers"/>
    <property name="os.version" value="6.1"/>
    <property name="user.home" value="C:\Users\vgupta"/>
    <property name="user.timezone" value="Asia/Calcutta"/>
    <property name="java.awt.printerjob" value="sun.awt.windows.WPrinterJob"/>
    <property name="java.specification.version" value="1.8"/>
    <property name="file.encoding" value="Cp1252"/>
    <property name="user.name" value="vgupta"/>
    <property name="java.class.path" value="C:\apache-maven-3.3.9\boot\plexus-classworlds-2.5.2.jar"/>
    <property name="java.vm.specification.version" value="1.8"/>
    <property name="sun.arch.data.model" value="64"/>
    <property name="java.home" value="C:\Program Files\Java\jdk1.8.0_65\jre"/>
    <property name="sun.java.command" value="org.codehaus.plexus.classworlds.launcher.Launcher -f D:\demo_workspace\testautomationframework\pom.xml test"/>
    <property name="java.specification.vendor" value="Oracle Corporation"/>
    <property name="user.language" value="en"/>
    <property name="awt.toolkit" value="sun.awt.windows.WToolkit"/>
    <property name="java.vm.info" value="mixed mode"/>
    <property name="java.version" value="1.8.0_65"/>
    <property name="java.ext.dirs" value="C:\Program Files\Java\jdk1.8.0_65\jre\lib\ext;C:\Windows\Sun\Java\lib\ext"/>
    <property name="sun.boot.class.path" value="C:\Program Files\Java\jdk1.8.0_65\jre\lib\resources.jar;C:\Program Files\Java\jdk1.8.0_65\jre\lib\rt.jar;C:\Program Files\Java\jdk1.8.0_65\jre\lib\sunrsasign.jar;C:\Program Files\Java\jdk1.8.0_65\jre\lib\jsse.jar;C:\Program Files\Java\jdk1.8.0_65\jre\lib\jce.jar;C:\Program Files\Java\jdk1.8.0_65\jre\lib\charsets.jar;C:\Program Files\Java\jdk1.8.0_65\jre\lib\jfr.jar;C:\Program Files\Java\jdk1.8.0_65\jre\classes"/>
    <property name="java.vendor" value="Oracle Corporation"/>
    <property name="maven.home" value="C:\apache-maven-3.3.9"/>
    <property name="file.separator" value="\"/>
    <property name="java.vendor.url.bug" value="http://bugreport.sun.com/bugreport/"/>
    <property name="sun.cpu.endian" value="little"/>
    <property name="sun.io.unicode.encoding" value="UnicodeLittle"/>
    <property name="sun.desktop" value="windows"/>
    <property name="sun.cpu.isalist" value="amd64"/>
  </properties>
  <testcase name="setUp" classname="com.timebank.test.TC01_NonSignedIn" time="53.959">
    <failure message="Failed to connect to binary FirefoxBinary(C:\Program Files (x86)\Mozilla Firefox\firefox.exe) on port 7055; process output follows: &#10;C:\\Program Files (x86)\\Mozilla Firefox\\browser\\features\\loop@mozilla.org.xpi&quot;,&quot;e&quot;:true,&quot;v&quot;:&quot;0.1&quot;,&quot;st&quot;:1457051706000}},&quot;app-global&quot;:{&quot;{972ce4c6-7e08-4474-a285-3208198ce6fd}&quot;:{&quot;d&quot;:&quot;C:\\Program Files (x86)\\Mozilla Firefox\\browser\\extensions\\{972ce4c6-7e08-4474-a285-3208198ce6fd}.xpi&quot;,&quot;e&quot;:true,&quot;v&quot;:&quot;45.0&quot;,&quot;st&quot;:1457051706000}}}&#10;1474004592914	addons.xpi	DEBUG	Existing add-on fxdriver@googlecode.com in app-profile&#10;1474004592915	addons.xpi	DEBUG	getModTime: Recursive scan of loop@mozilla.org&#10;1474004592916	addons.xpi	DEBUG	Existing add-on loop@mozilla.org in app-system-defaults&#10;1474004592916	addons.xpi	DEBUG	getModTime: Recursive scan of {972ce4c6-7e08-4474-a285-3208198ce6fd}&#10;1474004592917	addons.xpi	DEBUG	Existing add-on {972ce4c6-7e08-4474-a285-3208198ce6fd} in app-global&#10;1474004592918	addons.xpi	DEBUG	getInstallState changed: false, state: {&quot;app-profile&quot;:{&quot;fxdriver@googlecode.com&quot;:{&quot;d&quot;:&quot;C:\\Users\\vgupta\\AppData\\Local\\Temp\\anonymous3385216722830850276webdriver-profile\\extensions\\fxdriver@googlecode.com&quot;,&quot;e&quot;:false,&quot;v&quot;:&quot;2.45.0&quot;,&quot;st&quot;:1474004587359,&quot;mt&quot;:1474004587318}},&quot;app-system-defaults&quot;:{&quot;loop@mozilla.org&quot;:{&quot;d&quot;:&quot;C:\\Program Files (x86)\\Mozilla Firefox\\browser\\features\\loop@mozilla.org.xpi&quot;,&quot;e&quot;:true,&quot;v&quot;:&quot;0.1&quot;,&quot;st&quot;:1457051706000}},&quot;app-global&quot;:{&quot;{972ce4c6-7e08-4474-a285-3208198ce6fd}&quot;:{&quot;d&quot;:&quot;C:\\Program Files (x86)\\Mozilla Firefox\\browser\\extensions\\{972ce4c6-7e08-4474-a285-3208198ce6fd}.xpi&quot;,&quot;e&quot;:true,&quot;v&quot;:&quot;45.0&quot;,&quot;st&quot;:1457051706000}}}&#10;1474004592921	addons.xpi	DEBUG	No changes found&#10;1474004592931	addons.xpi	DEBUG	Registering manifest for C:\Program Files (x86)\Mozilla Firefox\browser\features\loop@mozilla.org.xpi&#10;1474004592933	addons.xpi	DEBUG	Loading bootstrap scope from C:\Program Files (x86)\Mozilla Firefox\browser\features\loop@mozilla.org.xpi&#10;1474004592953	addons.xpi	DEBUG	Calling bootstrap method startup on loop@mozilla.org version 0.1&#10;1474004592973	addons.xpi-utils	DEBUG	Starting async load of XPI database C:\Users\vgupta\AppData\Local\Temp\anonymous3385216722830850276webdriver-profile\extensions.json&#10;1474004592982	addons.manager	DEBUG	Starting provider: &lt;unnamed-provider&gt;&#10;1474004592982	addons.manager	DEBUG	Registering shutdown blocker for &lt;unnamed-provider&gt;&#10;1474004592982	addons.manager	DEBUG	Provider finished startup: &lt;unnamed-provider&gt;&#10;1474004593000	addons.manager	DEBUG	Registering shutdown blocker for XPIProvider&#10;1474004593000	addons.manager	DEBUG	Provider finished startup: XPIProvider&#10;1474004593000	addons.manager	DEBUG	Starting provider: LightweightThemeManager&#10;1474004593000	addons.manager	DEBUG	Registering shutdown blocker for LightweightThemeManager&#10;1474004593001	addons.manager	DEBUG	Provider finished startup: LightweightThemeManager&#10;1474004593001	addons.manager	DEBUG	Starting provider: GMPProvider&#10;1474004593011	addons.manager	DEBUG	Registering shutdown blocker for GMPProvider&#10;1474004593012	addons.manager	DEBUG	Provider finished startup: GMPProvider&#10;1474004593012	addons.manager	DEBUG	Starting provider: PluginProvider&#10;1474004593012	addons.manager	DEBUG	Registering shutdown blocker for PluginProvider&#10;1474004593012	addons.manager	DEBUG	Provider finished startup: PluginProvider&#10;1474004593013	addons.manager	DEBUG	Completed startup sequence&#10;1474004593464	addons.xpi-utils	DEBUG	Async JSON file read took 0 MS&#10;1474004593464	addons.xpi-utils	DEBUG	Finished async read of XPI database, parsing...&#10;1474004593466	addons.xpi-utils	DEBUG	Successfully read XPI database&#10;*** Blocklist::_loadBlocklistFromFile: blocklist is disabled&#10;1474004593669	addons.manager	DEBUG	Starting provider: PreviousExperimentProvider&#10;1474004593669	addons.manager	DEBUG	Registering shutdown blocker for PreviousExperimentProvider&#10;1474004593670	addons.manager	DEBUG	Provider finished startup: PreviousExperimentProvider&#10;JavaScript warning: https://normandy.cdn.mozilla.net/static/bundles/selfrepair-95933d583fb5820dda30.c39446e910f3.js, line 7: mutating the [[Prototype]] of an object will cause your code to run very slowly; instead create the object with the correct initial [[Prototype]] value using Object.create&#10;&#10;Build info: version: &apos;2.45.0&apos;, revision: &apos;5017cb8e7ca8e37638dc3091b2440b90a1d8686f&apos;, time: &apos;2015-02-27 09:10:26&apos;&#10;System info: host: &apos;360LP009-PC&apos;, ip: &apos;10.103.1.11&apos;, os.name: &apos;Windows 7&apos;, os.arch: &apos;amd64&apos;, os.version: &apos;6.1&apos;, java.version: &apos;1.8.0_65&apos;&#10;Driver info: driver.version: FirefoxDriver" type="org.openqa.selenium.WebDriverException"><![CDATA[org.openqa.selenium.WebDriverException: 
Failed to connect to binary FirefoxBinary(C:\Program Files (x86)\Mozilla Firefox\firefox.exe) on port 7055; process output follows: 
C:\\Program Files (x86)\\Mozilla Firefox\\browser\\features\\loop@mozilla.org.xpi","e":true,"v":"0.1","st":1457051706000}},"app-global":{"{972ce4c6-7e08-4474-a285-3208198ce6fd}":{"d":"C:\\Program Files (x86)\\Mozilla Firefox\\browser\\extensions\\{972ce4c6-7e08-4474-a285-3208198ce6fd}.xpi","e":true,"v":"45.0","st":1457051706000}}}
1474004592914	addons.xpi	DEBUG	Existing add-on fxdriver@googlecode.com in app-profile
1474004592915	addons.xpi	DEBUG	getModTime: Recursive scan of loop@mozilla.org
1474004592916	addons.xpi	DEBUG	Existing add-on loop@mozilla.org in app-system-defaults
1474004592916	addons.xpi	DEBUG	getModTime: Recursive scan of {972ce4c6-7e08-4474-a285-3208198ce6fd}
1474004592917	addons.xpi	DEBUG	Existing add-on {972ce4c6-7e08-4474-a285-3208198ce6fd} in app-global
1474004592918	addons.xpi	DEBUG	getInstallState changed: false, state: {"app-profile":{"fxdriver@googlecode.com":{"d":"C:\\Users\\vgupta\\AppData\\Local\\Temp\\anonymous3385216722830850276webdriver-profile\\extensions\\fxdriver@googlecode.com","e":false,"v":"2.45.0","st":1474004587359,"mt":1474004587318}},"app-system-defaults":{"loop@mozilla.org":{"d":"C:\\Program Files (x86)\\Mozilla Firefox\\browser\\features\\loop@mozilla.org.xpi","e":true,"v":"0.1","st":1457051706000}},"app-global":{"{972ce4c6-7e08-4474-a285-3208198ce6fd}":{"d":"C:\\Program Files (x86)\\Mozilla Firefox\\browser\\extensions\\{972ce4c6-7e08-4474-a285-3208198ce6fd}.xpi","e":true,"v":"45.0","st":1457051706000}}}
1474004592921	addons.xpi	DEBUG	No changes found
1474004592931	addons.xpi	DEBUG	Registering manifest for C:\Program Files (x86)\Mozilla Firefox\browser\features\loop@mozilla.org.xpi
1474004592933	addons.xpi	DEBUG	Loading bootstrap scope from C:\Program Files (x86)\Mozilla Firefox\browser\features\loop@mozilla.org.xpi
1474004592953	addons.xpi	DEBUG	Calling bootstrap method startup on loop@mozilla.org version 0.1
1474004592973	addons.xpi-utils	DEBUG	Starting async load of XPI database C:\Users\vgupta\AppData\Local\Temp\anonymous3385216722830850276webdriver-profile\extensions.json
1474004592982	addons.manager	DEBUG	Starting provider: <unnamed-provider>
1474004592982	addons.manager	DEBUG	Registering shutdown blocker for <unnamed-provider>
1474004592982	addons.manager	DEBUG	Provider finished startup: <unnamed-provider>
1474004593000	addons.manager	DEBUG	Registering shutdown blocker for XPIProvider
1474004593000	addons.manager	DEBUG	Provider finished startup: XPIProvider
1474004593000	addons.manager	DEBUG	Starting provider: LightweightThemeManager
1474004593000	addons.manager	DEBUG	Registering shutdown blocker for LightweightThemeManager
1474004593001	addons.manager	DEBUG	Provider finished startup: LightweightThemeManager
1474004593001	addons.manager	DEBUG	Starting provider: GMPProvider
1474004593011	addons.manager	DEBUG	Registering shutdown blocker for GMPProvider
1474004593012	addons.manager	DEBUG	Provider finished startup: GMPProvider
1474004593012	addons.manager	DEBUG	Starting provider: PluginProvider
1474004593012	addons.manager	DEBUG	Registering shutdown blocker for PluginProvider
1474004593012	addons.manager	DEBUG	Provider finished startup: PluginProvider
1474004593013	addons.manager	DEBUG	Completed startup sequence
1474004593464	addons.xpi-utils	DEBUG	Async JSON file read took 0 MS
1474004593464	addons.xpi-utils	DEBUG	Finished async read of XPI database, parsing...
1474004593466	addons.xpi-utils	DEBUG	Successfully read XPI database
*** Blocklist::_loadBlocklistFromFile: blocklist is disabled
1474004593669	addons.manager	DEBUG	Starting provider: PreviousExperimentProvider
1474004593669	addons.manager	DEBUG	Registering shutdown blocker for PreviousExperimentProvider
1474004593670	addons.manager	DEBUG	Provider finished startup: PreviousExperimentProvider
JavaScript warning: https://normandy.cdn.mozilla.net/static/bundles/selfrepair-95933d583fb5820dda30.c39446e910f3.js, line 7: mutating the [[Prototype]] of an object will cause your code to run very slowly; instead create the object with the correct initial [[Prototype]] value using Object.create

Build info: version: '2.45.0', revision: '5017cb8e7ca8e37638dc3091b2440b90a1d8686f', time: '2015-02-27 09:10:26'
System info: host: '360LP009-PC', ip: '10.103.1.11', os.name: 'Windows 7', os.arch: 'amd64', os.version: '6.1', java.version: '1.8.0_65'
Driver info: driver.version: FirefoxDriver
Caused by: org.openqa.selenium.firefox.NotConnectedException: 
Unable to connect to host 127.0.0.1 on port 7055 after 45000 ms. Firefox console output:
C:\\Program Files (x86)\\Mozilla Firefox\\browser\\features\\loop@mozilla.org.xpi","e":true,"v":"0.1","st":1457051706000}},"app-global":{"{972ce4c6-7e08-4474-a285-3208198ce6fd}":{"d":"C:\\Program Files (x86)\\Mozilla Firefox\\browser\\extensions\\{972ce4c6-7e08-4474-a285-3208198ce6fd}.xpi","e":true,"v":"45.0","st":1457051706000}}}
1474004592914	addons.xpi	DEBUG	Existing add-on fxdriver@googlecode.com in app-profile
1474004592915	addons.xpi	DEBUG	getModTime: Recursive scan of loop@mozilla.org
1474004592916	addons.xpi	DEBUG	Existing add-on loop@mozilla.org in app-system-defaults
1474004592916	addons.xpi	DEBUG	getModTime: Recursive scan of {972ce4c6-7e08-4474-a285-3208198ce6fd}
1474004592917	addons.xpi	DEBUG	Existing add-on {972ce4c6-7e08-4474-a285-3208198ce6fd} in app-global
1474004592918	addons.xpi	DEBUG	getInstallState changed: false, state: {"app-profile":{"fxdriver@googlecode.com":{"d":"C:\\Users\\vgupta\\AppData\\Local\\Temp\\anonymous3385216722830850276webdriver-profile\\extensions\\fxdriver@googlecode.com","e":false,"v":"2.45.0","st":1474004587359,"mt":1474004587318}},"app-system-defaults":{"loop@mozilla.org":{"d":"C:\\Program Files (x86)\\Mozilla Firefox\\browser\\features\\loop@mozilla.org.xpi","e":true,"v":"0.1","st":1457051706000}},"app-global":{"{972ce4c6-7e08-4474-a285-3208198ce6fd}":{"d":"C:\\Program Files (x86)\\Mozilla Firefox\\browser\\extensions\\{972ce4c6-7e08-4474-a285-3208198ce6fd}.xpi","e":true,"v":"45.0","st":1457051706000}}}
1474004592921	addons.xpi	DEBUG	No changes found
1474004592931	addons.xpi	DEBUG	Registering manifest for C:\Program Files (x86)\Mozilla Firefox\browser\features\loop@mozilla.org.xpi
1474004592933	addons.xpi	DEBUG	Loading bootstrap scope from C:\Program Files (x86)\Mozilla Firefox\browser\features\loop@mozilla.org.xpi
1474004592953	addons.xpi	DEBUG	Calling bootstrap method startup on loop@mozilla.org version 0.1
1474004592973	addons.xpi-utils	DEBUG	Starting async load of XPI database C:\Users\vgupta\AppData\Local\Temp\anonymous3385216722830850276webdriver-profile\extensions.json
1474004592982	addons.manager	DEBUG	Starting provider: <unnamed-provider>
1474004592982	addons.manager	DEBUG	Registering shutdown blocker for <unnamed-provider>
1474004592982	addons.manager	DEBUG	Provider finished startup: <unnamed-provider>
1474004593000	addons.manager	DEBUG	Registering shutdown blocker for XPIProvider
1474004593000	addons.manager	DEBUG	Provider finished startup: XPIProvider
1474004593000	addons.manager	DEBUG	Starting provider: LightweightThemeManager
1474004593000	addons.manager	DEBUG	Registering shutdown blocker for LightweightThemeManager
1474004593001	addons.manager	DEBUG	Provider finished startup: LightweightThemeManager
1474004593001	addons.manager	DEBUG	Starting provider: GMPProvider
1474004593011	addons.manager	DEBUG	Registering shutdown blocker for GMPProvider
1474004593012	addons.manager	DEBUG	Provider finished startup: GMPProvider
1474004593012	addons.manager	DEBUG	Starting provider: PluginProvider
1474004593012	addons.manager	DEBUG	Registering shutdown blocker for PluginProvider
1474004593012	addons.manager	DEBUG	Provider finished startup: PluginProvider
1474004593013	addons.manager	DEBUG	Completed startup sequence
1474004593464	addons.xpi-utils	DEBUG	Async JSON file read took 0 MS
1474004593464	addons.xpi-utils	DEBUG	Finished async read of XPI database, parsing...
1474004593466	addons.xpi-utils	DEBUG	Successfully read XPI database
*** Blocklist::_loadBlocklistFromFile: blocklist is disabled
1474004593669	addons.manager	DEBUG	Starting provider: PreviousExperimentProvider
1474004593669	addons.manager	DEBUG	Registering shutdown blocker for PreviousExperimentProvider
1474004593670	addons.manager	DEBUG	Provider finished startup: PreviousExperimentProvider
JavaScript warning: https://normandy.cdn.mozilla.net/static/bundles/selfrepair-95933d583fb5820dda30.c39446e910f3.js, line 7: mutating the [[Prototype]] of an object will cause your code to run very slowly; instead create the object with the correct initial [[Prototype]] value using Object.create

]]></failure>
    <system-out><![CDATA[thet get D:\demo_workspace\testautomationframework
thet get D:\demo_workspace\testautomationframework\src\main\resources\application.properties
the browser type is:Firefox
]]></system-out>
    <system-err><![CDATA[org.openqa.selenium.firefox.NotConnectedException: Unable to connect to host 127.0.0.1 on port 7055 after 45000 ms. Firefox console output:
C:\\Program Files (x86)\\Mozilla Firefox\\browser\\features\\loop@mozilla.org.xpi","e":true,"v":"0.1","st":1457051706000}},"app-global":{"{972ce4c6-7e08-4474-a285-3208198ce6fd}":{"d":"C:\\Program Files (x86)\\Mozilla Firefox\\browser\\extensions\\{972ce4c6-7e08-4474-a285-3208198ce6fd}.xpi","e":true,"v":"45.0","st":1457051706000}}}
1474004592914	addons.xpi	DEBUG	Existing add-on fxdriver@googlecode.com in app-profile
1474004592915	addons.xpi	DEBUG	getModTime: Recursive scan of loop@mozilla.org
1474004592916	addons.xpi	DEBUG	Existing add-on loop@mozilla.org in app-system-defaults
1474004592916	addons.xpi	DEBUG	getModTime: Recursive scan of {972ce4c6-7e08-4474-a285-3208198ce6fd}
1474004592917	addons.xpi	DEBUG	Existing add-on {972ce4c6-7e08-4474-a285-3208198ce6fd} in app-global
1474004592918	addons.xpi	DEBUG	getInstallState changed: false, state: {"app-profile":{"fxdriver@googlecode.com":{"d":"C:\\Users\\vgupta\\AppData\\Local\\Temp\\anonymous3385216722830850276webdriver-profile\\extensions\\fxdriver@googlecode.com","e":false,"v":"2.45.0","st":1474004587359,"mt":1474004587318}},"app-system-defaults":{"loop@mozilla.org":{"d":"C:\\Program Files (x86)\\Mozilla Firefox\\browser\\features\\loop@mozilla.org.xpi","e":true,"v":"0.1","st":1457051706000}},"app-global":{"{972ce4c6-7e08-4474-a285-3208198ce6fd}":{"d":"C:\\Program Files (x86)\\Mozilla Firefox\\browser\\extensions\\{972ce4c6-7e08-4474-a285-3208198ce6fd}.xpi","e":true,"v":"45.0","st":1457051706000}}}
1474004592921	addons.xpi	DEBUG	No changes found
1474004592931	addons.xpi	DEBUG	Registering manifest for C:\Program Files (x86)\Mozilla Firefox\browser\features\loop@mozilla.org.xpi
1474004592933	addons.xpi	DEBUG	Loading bootstrap scope from C:\Program Files (x86)\Mozilla Firefox\browser\features\loop@mozilla.org.xpi
1474004592953	addons.xpi	DEBUG	Calling bootstrap method startup on loop@mozilla.org version 0.1
1474004592973	addons.xpi-utils	DEBUG	Starting async load of XPI database C:\Users\vgupta\AppData\Local\Temp\anonymous3385216722830850276webdriver-profile\extensions.json
1474004592982	addons.manager	DEBUG	Starting provider: <unnamed-provider>
1474004592982	addons.manager	DEBUG	Registering shutdown blocker for <unnamed-provider>
1474004592982	addons.manager	DEBUG	Provider finished startup: <unnamed-provider>
1474004593000	addons.manager	DEBUG	Registering shutdown blocker for XPIProvider
1474004593000	addons.manager	DEBUG	Provider finished startup: XPIProvider
1474004593000	addons.manager	DEBUG	Starting provider: LightweightThemeManager
1474004593000	addons.manager	DEBUG	Registering shutdown blocker for LightweightThemeManager
1474004593001	addons.manager	DEBUG	Provider finished startup: LightweightThemeManager
1474004593001	addons.manager	DEBUG	Starting provider: GMPProvider
1474004593011	addons.manager	DEBUG	Registering shutdown blocker for GMPProvider
1474004593012	addons.manager	DEBUG	Provider finished startup: GMPProvider
1474004593012	addons.manager	DEBUG	Starting provider: PluginProvider
1474004593012	addons.manager	DEBUG	Registering shutdown blocker for PluginProvider
1474004593012	addons.manager	DEBUG	Provider finished startup: PluginProvider
1474004593013	addons.manager	DEBUG	Completed startup sequence
1474004593464	addons.xpi-utils	DEBUG	Async JSON file read took 0 MS
1474004593464	addons.xpi-utils	DEBUG	Finished async read of XPI database, parsing...
1474004593466	addons.xpi-utils	DEBUG	Successfully read XPI database
*** Blocklist::_loadBlocklistFromFile: blocklist is disabled
1474004593669	addons.manager	DEBUG	Starting provider: PreviousExperimentProvider
1474004593669	addons.manager	DEBUG	Registering shutdown blocker for PreviousExperimentProvider
1474004593670	addons.manager	DEBUG	Provider finished startup: PreviousExperimentProvider
JavaScript warning: https://normandy.cdn.mozilla.net/static/bundles/selfrepair-95933d583fb5820dda30.c39446e910f3.js, line 7: mutating the [[Prototype]] of an object will cause your code to run very slowly; instead create the object with the correct initial [[Prototype]] value using Object.create

	at org.openqa.selenium.firefox.internal.NewProfileExtensionConnection.start(NewProfileExtensionConnection.java:118)
	at org.openqa.selenium.firefox.FirefoxDriver.startClient(FirefoxDriver.java:246)
	at org.openqa.selenium.remote.RemoteWebDriver.<init>(RemoteWebDriver.java:114)
	at org.openqa.selenium.firefox.FirefoxDriver.<init>(FirefoxDriver.java:191)
	at org.openqa.selenium.firefox.FirefoxDriver.<init>(FirefoxDriver.java:186)
	at org.openqa.selenium.firefox.FirefoxDriver.<init>(FirefoxDriver.java:182)
	at org.openqa.selenium.firefox.FirefoxDriver.<init>(FirefoxDriver.java:95)
	at com.timebank.Utility.DriverTestCase.setUp(DriverTestCase.java:43)
	at sun.reflect.NativeMethodAccessorImpl.invoke0(Native Method)
	at sun.reflect.NativeMethodAccessorImpl.invoke(NativeMethodAccessorImpl.java:62)
	at sun.reflect.DelegatingMethodAccessorImpl.invoke(DelegatingMethodAccessorImpl.java:43)
	at java.lang.reflect.Method.invoke(Method.java:497)
	at org.testng.internal.MethodInvocationHelper.invokeMethod(MethodInvocationHelper.java:85)
	at org.testng.internal.Invoker.invokeConfigurationMethod(Invoker.java:552)
	at org.testng.internal.Invoker.invokeConfigurations(Invoker.java:215)
	at org.testng.internal.Invoker.invokeConfigurations(Invoker.java:140)
	at org.testng.SuiteRunner.privateRun(SuiteRunner.java:291)
	at org.testng.SuiteRunner.run(SuiteRunner.java:254)
	at org.testng.SuiteRunnerWorker.runSuite(SuiteRunnerWorker.java:52)
	at org.testng.SuiteRunnerWorker.run(SuiteRunnerWorker.java:86)
	at org.testng.TestNG.runSuitesSequentially(TestNG.java:1224)
	at org.testng.TestNG.runSuitesLocally(TestNG.java:1149)
	at org.testng.TestNG.run(TestNG.java:1057)
	at org.apache.maven.surefire.testng.TestNGExecutor.run(TestNGExecutor.java:281)
	at org.apache.maven.surefire.testng.TestNGXmlTestSuite.execute(TestNGXmlTestSuite.java:75)
	at org.apache.maven.surefire.testng.TestNGProvider.invoke(TestNGProvider.java:121)
	at org.apache.maven.surefire.booter.ForkedBooter.invokeProviderInSameClassLoader(ForkedBooter.java:290)
	at org.apache.maven.surefire.booter.ForkedBooter.runSuitesInProcess(ForkedBooter.java:242)
	at org.apache.maven.surefire.booter.ForkedBooter.main(ForkedBooter.java:121)
]]></system-err>
  </testcase>
  <testcase name="UserLogIn" classname="com.timebank.test.TC01_NonSignedIn" time="0">
    <skipped/>
  </testcase>
  <testcase name="afterMainMethod" classname="com.timebank.test.TC01_NonSignedIn" time="0">
    <skipped/>
  </testcase>
</testsuite>